VPR FPGA Placement and Routing.
Version: 8.1.0-dev+dadca7ecf
Revision: v8.0.0-rc2-2909-gdadca7ecf
Compiled: 2022-10-26T09:51:55
Compiler: GNU 10.2.1 on Linux-5.4.0-faked aarch64
Build Info: release IPO VTR_ASSERT_LEVEL=2

University of Toronto
verilogtorouting.org
vtr-users@googlegroups.com
This is free open source code under MIT license.

VPR was run with the following command-line:
vpr /data/data/com.termux/files/home/symbiflow/quicklogic-arch-defs/share/arch/ql-eos-s3_wlcsp/arch.timing.xml helloworldfpga.eblif --device ql-eos-s3 --max_router_iterations 500 --routing_failure_predictor off --router_high_fanout_threshold -1 --constant_net_method route --route_chan_width 100 --clock_modeling route --place_delay_model delta_override --router_lookahead map --check_route quick --strict_checks off --allow_dangling_combinational_nodes on --disable_errors check_unbuffered_edges:check_route --congested_routing_iteration_threshold 0.8 --incremental_reroute_delay_ripup off --base_cost_type delay_normalized_length_bounded --bb_factor 10 --initial_pres_fac 4.0 --check_rr_graph off --suppress_warnings ,sum_pin_class:check_unbuffered_edges:load_rr_indexed_data_T_values:check_rr_node:trans_per_R:check_route:set_rr_graph_tool_comment:warn_model_missing_timing --read_rr_graph /data/data/com.termux/files/home/symbiflow/quicklogic-arch-defs/share/arch/ql-eos-s3_wlcsp/rr_graph_ql-eos-s3_wlcsp.rr_graph.real.bin --read_placement_delay_lookup /data/data/com.termux/files/home/symbiflow/quicklogic-arch-defs/share/arch/ql-eos-s3_wlcsp/rr_graph_ql-eos-s3_wlcsp.place_delay.bin --sdc_file /data/data/com.termux/files/home/fpga-examples/blink/build/helloworldfpga_dummy.sdc --route


Architecture file: /data/data/com.termux/files/home/symbiflow/quicklogic-arch-defs/share/arch/ql-eos-s3_wlcsp/arch.timing.xml
Circuit name: helloworldfpga

# Loading Architecture Description
# Loading Architecture Description took 0.58 seconds (max_rss 27.6 MiB, delta_rss +23.8 MiB)
# Building complex block graph
# Building complex block graph took 0.13 seconds (max_rss 34.4 MiB, delta_rss +6.8 MiB)
# Load circuit
# Load circuit took 0.00 seconds (max_rss 34.4 MiB, delta_rss +0.0 MiB)
# Clean circuit
Absorbed 27 LUT buffers
Inferred    3 additional primitive pins as constant generators since they have no combinationally connected inputs
Inferred    0 additional primitive pins as constant generators due to constant inputs
Inferred    0 additional primitive pins as constant generators since they have no combinationally connected inputs
Inferred    0 additional primitive pins as constant generators due to constant inputs
Inferred    0 additional primitive pins as constant generators since they have no combinationally connected inputs
Inferred    0 additional primitive pins as constant generators due to constant inputs
Swept input(s)      : 0
Swept output(s)     : 0 (0 dangling, 0 constant)
Swept net(s)        : 1
Swept block(s)      : 1
Constant Pins Marked: 3
# Clean circuit took 0.00 seconds (max_rss 34.4 MiB, delta_rss +0.0 MiB)
# Compress circuit
# Compress circuit took 0.00 seconds (max_rss 34.4 MiB, delta_rss +0.0 MiB)
# Verify circuit
# Verify circuit took 0.00 seconds (max_rss 34.4 MiB, delta_rss +0.0 MiB)
Circuit Statistics:
  Blocks: 17
    .input    :       3
    .output   :       3
    BIDIR_CELL:       6
    GND       :       1
    T_FRAG    :       3
    VCC       :       1
  Nets  : 14
    Avg Fanout:     3.0
    Max Fanout:    10.0
    Min Fanout:     1.0
  Netlist Clocks: 0
# Build Timing Graph
  Timing Graph Nodes: 56
  Timing Graph Edges: 75
  Timing Graph Levels: 8
# Build Timing Graph took 0.00 seconds (max_rss 34.4 MiB, delta_rss +0.0 MiB)
Netlist contains 0 clocks
# Load Timing Constraints

SDC file '/data/data/com.termux/files/home/fpga-examples/blink/build/helloworldfpga_dummy.sdc' contained no SDC commands
Setting default timing constraints:
   * constrain all primay inputs and primary outputs on a virtual external clock 'virtual_io_clock'
   * optimize virtual clock to run as fast as possible
Timing constraints created 1 clocks
  Constrained Clock 'virtual_io_clock' (Virtual Clock)

# Load Timing Constraints took 0.00 seconds (max_rss 34.4 MiB, delta_rss +0.0 MiB)
Timing analysis: ON
Circuit netlist file: helloworldfpga.net
Circuit placement file: helloworldfpga.place
Circuit routing file: helloworldfpga.route
Circuit SDC file: /data/data/com.termux/files/home/fpga-examples/blink/build/helloworldfpga_dummy.sdc

Packer: ENABLED
Placer: ENABLED
Router: ENABLED
Analysis: ENABLED

NetlistOpts.abosrb_buffer_luts            : true
NetlistOpts.sweep_dangling_primary_ios    : true
NetlistOpts.sweep_dangling_nets           : true
NetlistOpts.sweep_dangling_blocks         : true
NetlistOpts.sweep_constant_primary_outputs: false
NetlistOpts.netlist_verbosity             : 1
NetlistOpts.const_gen_inference           : COMB_SEQ

PackerOpts.allow_unrelated_clustering: auto
PackerOpts.alpha_clustering: 0.750000
PackerOpts.beta_clustering: 0.900000
PackerOpts.cluster_seed_type: BLEND2
PackerOpts.connection_driven: true
PackerOpts.global_clocks: true
PackerOpts.hill_climbing_flag: false
PackerOpts.inter_cluster_net_delay: 1.000000
PackerOpts.timing_driven: true
PackerOpts.target_external_pin_util: auto

PlacerOpts.place_freq: PLACE_ONCE
PlacerOpts.place_algorithm: CRITICALITY_TIMING_PLACE
PlacerOpts.pad_loc_type: FREE
PlacerOpts.constraints_file: No constraints file given
PlacerOpts.place_cost_exp: 1.000000
PlacerOpts.place_chan_width: 100
PlacerOpts.inner_loop_recompute_divider: 0
PlacerOpts.recompute_crit_iter: 1
PlacerOpts.timing_tradeoff: 0.500000
PlacerOpts.td_place_exp_first: 1.000000
PlacerOpts.td_place_exp_last: 8.000000
PlacerOpts.delay_offset: 0.000000
PlacerOpts.delay_ramp_delta_threshold: -1
PlacerOpts.delay_ramp_slope: 0.000000
PlacerOpts.tsu_rel_margin: 1.000000
PlacerOpts.tsu_abs_margin: 0.000000
PlacerOpts.post_place_timing_report_file: 
PlacerOpts.allowed_tiles_for_delay_model: 
PlacerOpts.delay_model_reducer: MIN
PlacerOpts.delay_model_type: DELTA_OVERRIDE
PlacerOpts.rlim_escape_fraction: 0.000000
PlacerOpts.move_stats_file: 
PlacerOpts.placement_saves_per_temperature: 0
PlacerOpts.effort_scaling: CIRCUIT
PlacerOpts.place_delta_delay_matrix_calculation_method: ASTAR_ROUTE
PlaceOpts.seed: 1
AnnealSched.type: AUTO_SCHED
AnnealSched.inner_num: 1.000000

RouterOpts.route_type: DETAILED
RouterOpts.router_algorithm: TIMING_DRIVEN
RouterOpts.base_cost_type: DELAY_NORMALIZED_LENGTH_BOUNDED
RouterOpts.fixed_channel_width: 100
RouterOpts.check_route: QUICK
RouterOpts.trim_empty_chan: false
RouterOpts.trim_obs_chan: false
RouterOpts.acc_fac: 1.000000
RouterOpts.bb_factor: 10
RouterOpts.bend_cost: 0.000000
RouterOpts.first_iter_pres_fac: 0.000000
RouterOpts.initial_pres_fac: 4.000000
RouterOpts.pres_fac_mult: 1.300000
RouterOpts.max_router_iterations: 500
RouterOpts.min_incremental_reroute_fanout: 16
RouterOpts.do_check_rr_graph: false
RouterOpts.verify_binary_search: false
RouterOpts.min_channel_width_hint: 0
RouterOpts.read_rr_edge_metadata: false
RouterOpts.exit_after_first_routing_iteration: false
RouterOpts.astar_fac: 1.200000
RouterOpts.criticality_exp: 1.000000
RouterOpts.max_criticality: 0.990000
RouterOpts.init_wirelength_abort_threshold: 0.850000
RouterOpts.save_routing_per_iteration: false
RouterOpts.congested_routing_iteration_threshold_frac: 0.800000
RouterOpts.high_fanout_threshold: -1
RouterOpts.router_debug_net: -2
RouterOpts.router_debug_sink_rr: -2
RouterOpts.router_debug_iteration: -2
RouterOpts.max_convergence_count: 1
RouterOpts.reconvergence_cpd_threshold: 0.990000
RouterOpts.update_lower_bound_delays: true
RouterOpts.first_iteration_timing_report_file: 
RouterOpts.incr_reroute_delay_ripup: OFF
RouterOpts.route_bb_update: DYNAMIC
RouterOpts.lookahead_type: MAP
RouterOpts.initial_timing: LOOKAHEAD
RouterOpts.router_heap: BINARY_HEAP
RouterOpts.routing_failure_predictor = OFF
RouterOpts.routing_budgets_algorithm = DISABLE

AnalysisOpts.gen_post_synthesis_netlist: false
AnalysisOpts.timing_report_npaths: 100
AnalysisOpts.timing_report_skew: false
AnalysisOpts.echo_dot_timing_graph_node: -1
AnalysisOpts.timing_report_detail: NETLIST

RoutingArch.directionality: BI_DIRECTIONAL
RoutingArch.switch_block_type: WILTON
RoutingArch.Fs: 3

# Load Packing
Begin loading packed FPGA netlist file.
Netlist generated from file 'helloworldfpga.net'.
Detected 2 constant generators (to see names run with higher pack verbosity)
Finished loading packed FPGA netlist file (took 0.010322 seconds).
# Load Packing took 0.01 seconds (max_rss 34.6 MiB, delta_rss +0.2 MiB)
Warning 1: Netlist contains 0 global net to non-global architecture pin connections
Warning 2: Logic block #8 ($false) has only 1 output pin '$false.GND0_GND[0]'. It may be a constant generator.
Warning 3: Logic block #9 ($true) has only 1 output pin '$true.VCC0_VCC[0]'. It may be a constant generator.

Netlist num_nets: 8
Netlist num_blocks: 10
Netlist EMPTY blocks: 0.
Netlist PB-GMUX blocks: 0.
Netlist PB-LOGIC blocks: 2.
Netlist PB-CLOCK blocks: 0.
Netlist PB-MULT blocks: 0.
Netlist PB-SDIOMUX blocks: 0.
Netlist PB-RAM blocks: 0.
Netlist PB-SYN_VCC blocks: 1.
Netlist PB-BIDIR blocks: 6.
Netlist PB-SYN_GND blocks: 1.
Netlist PB-ASSP blocks: 0.
Netlist inputs pins: 3
Netlist output pins: 15


Pb types usage...
  PB-LOGIC          : 2
   LOGIC            : 2
    FRAGS           : 2
     c_frag_modes   : 2
      SPLIT         : 2
       b_frag       : 2
       t_frag       : 1
  PB-SYN_VCC        : 1
   VCC              : 1
  PB-BIDIR          : 6
   BIDIR            : 6
    INPUT           : 3
     bidir          : 3
     inpad          : 3
    OUTPUT          : 3
     bidir          : 3
     outpad         : 3
  PB-SYN_GND        : 1
   GND              : 1

# Create Device
## Build Device Grid
FPGA sized to 39 x 35: 1365 grid tiles (ql-eos-s3)

Resource usage...
	Netlist
		0	blocks of type: PB-GMUX
	Architecture
		5	blocks of type: TL-GMUX
	Netlist
		2	blocks of type: PB-LOGIC
	Architecture
		891	blocks of type: TL-LOGIC
	Netlist
		0	blocks of type: PB-CLOCK
	Architecture
		5	blocks of type: TL-CLOCK
	Netlist
		0	blocks of type: PB-MULT
	Architecture
		2	blocks of type: TL-MULT
	Netlist
		0	blocks of type: PB-SDIOMUX
	Architecture
		14	blocks of type: TL-SDIOMUX
	Netlist
		0	blocks of type: PB-RAM
	Architecture
		4	blocks of type: TL-RAM
	Netlist
		1	blocks of type: PB-SYN_VCC
	Architecture
		1	blocks of type: TL-SYN_VCC
	Netlist
		6	blocks of type: PB-BIDIR
	Architecture
		32	blocks of type: TL-BIDIR
	Netlist
		1	blocks of type: PB-SYN_GND
	Architecture
		1	blocks of type: TL-SYN_GND
	Netlist
		0	blocks of type: PB-ASSP
	Architecture
		1	blocks of type: TL-ASSP

Device Utilization: 0.01 (target 1.00)
	Physical Tile TL-LOGIC:
	Block Utilization: 0.00 Logical Block: PB-LOGIC
	Physical Tile TL-RAM:
	Block Utilization: 0.00 Logical Block: PB-RAM
	Physical Tile TL-MULT:
	Block Utilization: 0.00 Logical Block: PB-MULT
	Physical Tile TL-BIDIR:
	Block Utilization: 0.19 Logical Block: PB-BIDIR
	Physical Tile TL-CLOCK:
	Block Utilization: 0.00 Logical Block: PB-CLOCK
	Physical Tile TL-SDIOMUX:
	Block Utilization: 0.00 Logical Block: PB-SDIOMUX
	Physical Tile TL-GMUX:
	Block Utilization: 0.00 Logical Block: PB-GMUX
	Physical Tile TL-ASSP:
	Block Utilization: 0.00 Logical Block: PB-ASSP
	Physical Tile TL-SYN_VCC:
	Block Utilization: 1.00 Logical Block: PB-SYN_VCC
	Physical Tile TL-SYN_GND:
	Block Utilization: 1.00 Logical Block: PB-SYN_GND

## Build Device Grid took 0.01 seconds (max_rss 34.8 MiB, delta_rss +0.0 MiB)
## Loading routing resource graph


## Loading routing resource graph took 0.65 seconds (max_rss 342.7 MiB, delta_rss +307.9 MiB)
  RR Graph Nodes: 1396446
  RR Graph Edges: 2337988
# Create Device took 2.06 seconds (max_rss 390.2 MiB, delta_rss +355.4 MiB)

# Load Placement
Reading helloworldfpga.place.

Successfully read helloworldfpga.place.

# Load Placement took 0.00 seconds (max_rss 390.2 MiB, delta_rss +0.0 MiB)

# Computing router lookahead map
## Computing wire lookahead
Warning 4: Unable to find any sample location for segment CHANX type 'generic' (length 1)
Warning 5: Unable to find any sample location for segment CHANY type 'generic' (length 1)
Warning 6: Unable to find any sample location for segment CHANX type 'pad' (length 1)
Warning 7: Unable to find any sample location for segment CHANY type 'pad' (length 1)
## Computing wire lookahead took 37.45 seconds (max_rss 390.2 MiB, delta_rss +0.0 MiB)
## Computing src/opin lookahead
## Computing src/opin lookahead took 0.00 seconds (max_rss 390.2 MiB, delta_rss +0.0 MiB)
# Computing router lookahead map took 37.45 seconds (max_rss 390.2 MiB, delta_rss +0.0 MiB)
# Routing
  RR Graph Nodes: 1396446
  RR Graph Edges: 2337988
Confirming router algorithm: TIMING_DRIVEN.
## Initializing router criticalities
Initial Net Connection Criticality Histogram:
[        0:      0.1) 18 ( 51.4%) |************************************************
[      0.1:      0.2)  0 (  0.0%) |
[      0.2:      0.3)  0 (  0.0%) |
[      0.3:      0.4)  0 (  0.0%) |
[      0.4:      0.5)  0 (  0.0%) |
[      0.5:      0.6)  0 (  0.0%) |
[      0.6:      0.7)  0 (  0.0%) |
[      0.7:      0.8)  0 (  0.0%) |
[      0.8:      0.9)  0 (  0.0%) |
[      0.9:        1) 17 ( 48.6%) |*********************************************
## Initializing router criticalities took 0.00 seconds (max_rss 448.1 MiB, delta_rss +0.0 MiB)
---- ------ ------- ---- ------- ------- ------- ----------------- --------------- -------- ---------- ---------- ---------- ---------- --------
Iter   Time    pres  BBs    Heap  Re-Rtd  Re-Rtd Overused RR Nodes      Wirelength      CPD       sTNS       sWNS       hTNS       hWNS Est Succ
      (sec)     fac Updt    push    Nets   Conns                                       (ns)       (ns)       (ns)       (ns)       (ns)     Iter
---- ------ ------- ---- ------- ------- ------- ----------------- --------------- -------- ---------- ---------- ---------- ---------- --------
   1    0.3     0.0    0  696498       8      35      41 ( 0.003%)    1746 ( 0.1%)   35.314     -102.3    -35.314      0.000      0.000      N/A
   2    0.2     4.0    0  357187       4      24       6 ( 0.000%)    1733 ( 0.1%)   35.314     -102.3    -35.314      0.000      0.000      N/A
   3    0.1     5.2    0  231256       2       6       6 ( 0.000%)    1733 ( 0.1%)   35.314     -102.3    -35.314      0.000      0.000      N/A
   4    0.1     6.8    0  237572       2       6      13 ( 0.001%)    1738 ( 0.1%)   35.314     -102.4    -35.314      0.000      0.000      N/A
   5    0.1     8.8    0  220689       3      21       0 ( 0.000%)    1738 ( 0.1%)   35.314     -102.4    -35.314      0.000      0.000      N/A
Restoring best routing
Critical path: 35.3138 ns
Successfully routed after 5 routing iterations.
Final Net Connection Criticality Histogram:
[        0:      0.1) 18 ( 51.4%) |************************************************
[      0.1:      0.2)  0 (  0.0%) |
[      0.2:      0.3)  0 (  0.0%) |
[      0.3:      0.4)  0 (  0.0%) |
[      0.4:      0.5)  0 (  0.0%) |
[      0.5:      0.6)  0 (  0.0%) |
[      0.6:      0.7)  0 (  0.0%) |
[      0.7:      0.8)  0 (  0.0%) |
[      0.8:      0.9)  3 (  8.6%) |********
[      0.9:        1) 14 ( 40.0%) |*************************************
Router Stats: total_nets_routed: 19 total_connections_routed: 92 total_heap_pushes: 1743202 total_heap_pops: 1500560
# Routing took 2.09 seconds (max_rss 448.1 MiB, delta_rss +57.9 MiB)

Checking to ensure routing is legal...
Completed routing consistency check successfully.

Serial number (magic cookie) for the routing is: -28757594
Circuit successfully routed with a channel width factor of 100.

Incr Slack updates 6 in 4.1666e-05 sec
Full Max Req/Worst Slack updates 1 in 3.177e-06 sec
Incr Max Req/Worst Slack updates 5 in 9.22e-06 sec
Incr Criticality updates 4 in 1.2917e-05 sec
Full Criticality updates 2 in 6.354e-06 sec

Average number of bends per net: 146.000  Maximum # of bends: 177

Number of global nets: 0
Number of routed nets (nonglobal): 8
Wire length results (in units of 1 clb segments)...
	Total wirelength: 1739, average net length: 217.375
	Maximum net length: 417

Wire length results in terms of physical segments...
	Total wiring segments used: 1655, average wire segments per net: 206.875
	Maximum segments used by a net: 417
	Total local nets with reserved CLB opins: 0

Routing channel utilization histogram:
[        1:      inf)    0 (  0.0%) |
[      0.9:        1)   54 (  2.1%) |*
[      0.8:      0.9)    0 (  0.0%) |
[      0.7:      0.8)    0 (  0.0%) |
[      0.5:      0.6)    0 (  0.0%) |
[      0.4:      0.5)    2 (  0.1%) |
[      0.3:      0.4)    0 (  0.0%) |
[      0.2:      0.3)    0 (  0.0%) |
[      0.1:      0.2)    2 (  0.1%) |
[        0:      0.1) 2526 ( 97.8%) |**********************************************
Maximum routing channel utilization:         1 at (4,0)

X - Directed channels:   j max occ ave occ capacity
                      ---- ------- ------- --------
                         0       2   1.410        2
                         1       0   0.000      221
                         2       0   0.000        0
                         3       0   0.000      635
                         4       0   0.000      623
                         5       0   0.000      658
                         6       0   0.000      623
                         7       0   0.000      623
                         8       0   0.000      623
                         9       0   0.000      623
                        10       0   0.000      665
                        11       0   0.000      623
                        12       0   0.000      647
                        13       0   0.000      623
                        14       0   0.000      623
                        15       0   0.000      623
                        16       0   0.000      623
                        17       0   0.000      623
                        18       0   0.000      725
                        19       0   0.000      623
                        20       0   0.000      623
                        21       0   0.000      623
                        22       0   0.000      623
                        23       0   0.000      623
                        24       0   0.000      623
                        25       0   0.000      657
                        26       0   0.000      634
                        27       0   0.000      623
                        28     130   6.205      623
                        29       0   0.000      624
                        30      22   2.026      625
                        31      75   3.077      626
                        32      35   5.308      786
                        33       0   0.000      269
Y - Directed channels:   i max occ ave occ capacity
                      ---- ------- ------- --------
                         0       0   0.000        2
                         1       0   0.000      287
                         2       1   0.029        4
                         3       1   0.029      848
                         4       0   0.000      874
                         5       0   0.000      819
                         6       0   0.000      760
                         7       0   0.000      761
                         8       0   0.000      761
                         9       0   0.000      761
                        10       0   0.000      757
                        11       0   0.000      775
                        12      31   3.086      757
                        13      10   0.543      761
                        14      73   5.086      761
                        15       0   0.000      761
                        16      11   0.314      761
                        17       0   0.000      761
                        18     124   6.000      761
                        19       9   0.257      816
                        20       7   0.200      761
                        21       0   0.000      883
                        22      30   3.829      761
                        23      11   0.314      761
                        24      30   3.257      761
                        25       0   0.000      761
                        26      31   3.686      757
                        27       0   0.000      775
                        28       0   0.000      757
                        29       0   0.000      761
                        30      30   2.971      761
                        31       0   0.000      761
                        32       0   0.000      761
                        33       0   0.000      763
                        34       0   0.000      762
                        35       0   0.000      764
                        36       0   0.000     1024
                        37       0   0.000      164

Total tracks in x-direction: 19611, in y-direction: 27046

Logic area (in minimum width transistor areas, excludes I/Os and empty grid tiles)...
	Total logic block area (Warning, need to add pitch of routing to blocks with height > 3): 1.3515e+07
	Total used logic block area: 60000

Routing area (in minimum width transistor areas)...
	Assuming no buffer sharing (pessimistic). Total: 1.07847e+09, per logic tile: 790090.
	Assuming buffer sharing (slightly optimistic). Total: 8.38760e+08, per logic tile: 614476.


Segment usage by type (index):    name type utilization
                               ------- ---- -----------
                                  sbox    2    0.000722
                                   vcc    3      0.0804
                                   gnd    4      0.0801
                                  hop1    5    0.000501
                                  hop2    6     0.00103
                                  hop3    7           0
                                  hop4    8     0.00253
                                 clock    9           0
                               special   10           0

Segment usage by length: length utilization
                         ------ -----------
                              1     0.00109
                              2     0.00103
                              3           0
                              4     0.00253


Final hold Worst Negative Slack (hWNS): 0 ns
Final hold Total Negative Slack (hTNS): 0 ns

Final hold slack histogram:
[    3e-08:    3e-08) 1 ( 33.3%) |**************************************************
[    3e-08:    3e-08) 0 (  0.0%) |
[    3e-08:    3e-08) 0 (  0.0%) |
[    3e-08:    3e-08) 0 (  0.0%) |
[    3e-08:  3.1e-08) 0 (  0.0%) |
[  3.1e-08:  3.1e-08) 1 ( 33.3%) |**************************************************
[  3.1e-08:  3.1e-08) 0 (  0.0%) |
[  3.1e-08:  3.1e-08) 0 (  0.0%) |
[  3.1e-08:  3.1e-08) 0 (  0.0%) |
[  3.1e-08:  3.2e-08) 1 ( 33.3%) |**************************************************

Final critical path delay (least slack): 35.3138 ns, Fmax: 28.3175 MHz
Final setup Worst Negative Slack (sWNS): -35.3138 ns
Final setup Total Negative Slack (sTNS): -102.405 ns

Final setup slack histogram:
[ -3.5e-08: -3.5e-08) 1 ( 33.3%) |**************************************************
[ -3.5e-08: -3.5e-08) 0 (  0.0%) |
[ -3.5e-08: -3.5e-08) 0 (  0.0%) |
[ -3.5e-08: -3.4e-08) 0 (  0.0%) |
[ -3.4e-08: -3.4e-08) 1 ( 33.3%) |**************************************************
[ -3.4e-08: -3.4e-08) 0 (  0.0%) |
[ -3.4e-08: -3.4e-08) 0 (  0.0%) |
[ -3.4e-08: -3.3e-08) 0 (  0.0%) |
[ -3.3e-08: -3.3e-08) 0 (  0.0%) |
[ -3.3e-08: -3.3e-08) 1 ( 33.3%) |**************************************************

Final geomean non-virtual intra-domain period: nan ns (nan MHz)
Final fanout-weighted geomean non-virtual intra-domain period: nan ns (nan MHz)

Incr Slack updates 1 in 6.979e-06 sec
Full Max Req/Worst Slack updates 1 in 3.125e-06 sec
Incr Max Req/Worst Slack updates 0 in 0 sec
Incr Criticality updates 0 in 0 sec
Full Criticality updates 1 in 3.698e-06 sec
Flow timing analysis took 0.00213 seconds (0.00200672 STA, 0.000123281 slack) (7 full updates: 0 setup, 0 hold, 7 combined).
VPR succeeded
The entire flow of VPR took 42.43 seconds (max_rss 448.1 MiB)
