#Timing report of worst 3 path(s)
# Unit scale: 1e-09 seconds
# Output precision: 3

#Path 1
Startpoint: A.inpad[0] (.input clocked by virtual_io_clock)
Endpoint  : out:g.outpad[0] (.output clocked by virtual_io_clock)
Path Type : setup

Point                                                                        Incr      Path
-------------------------------------------------------------------------------------------
clock virtual_io_clock (rise edge)                                          0.000     0.000
clock source latency                                                        0.000     0.000
input external delay                                                        0.000     0.000
A.inpad[0] (.input)                                                         0.000     0.000
$iopadmap$helloworldfpga.A.I_PAD_$inp[0] (BIDIR_CELL)                       0.000     0.000
$iopadmap$helloworldfpga.A.I_DAT[0] (BIDIR_CELL)                           10.958    10.958
g_LUT3_O.t_frag.XA2[0] (T_FRAG)                                             0.000    10.958
g_LUT3_O.t_frag.XZ[0] (T_FRAG)                                              1.605    12.564
$iopadmap$helloworldfpga.g.O_DAT[0] (BIDIR_CELL)                            0.000    12.564
$iopadmap$helloworldfpga.g.O_PAD_$out[0] (BIDIR_CELL)                       9.809    22.373
out:g.outpad[0] (.output)                                                   0.000    22.373
data arrival time                                                                    22.373

clock virtual_io_clock (rise edge)                                          0.000     0.000
clock source latency                                                        0.000     0.000
clock uncertainty                                                           0.000     0.000
output external delay                                                       0.000     0.000
data required time                                                                    0.000
-------------------------------------------------------------------------------------------
data required time                                                                    0.000
data arrival time                                                                   -22.373
-------------------------------------------------------------------------------------------
slack (VIOLATED)                                                                    -22.373


#Path 2
Startpoint: A.inpad[0] (.input clocked by virtual_io_clock)
Endpoint  : out:r.outpad[0] (.output clocked by virtual_io_clock)
Path Type : setup

Point                                                                        Incr      Path
-------------------------------------------------------------------------------------------
clock virtual_io_clock (rise edge)                                          0.000     0.000
clock source latency                                                        0.000     0.000
input external delay                                                        0.000     0.000
A.inpad[0] (.input)                                                         0.000     0.000
$iopadmap$helloworldfpga.A.I_PAD_$inp[0] (BIDIR_CELL)                       0.000     0.000
$iopadmap$helloworldfpga.A.I_DAT[0] (BIDIR_CELL)                           10.958    10.958
r_LUT3_O.t_frag.XA2[0] (T_FRAG)                                             0.000    10.958
r_LUT3_O.t_frag.XZ[0] (T_FRAG)                                              1.605    12.564
$iopadmap$helloworldfpga.r.O_DAT[0] (BIDIR_CELL)                            0.000    12.564
$iopadmap$helloworldfpga.r.O_PAD_$out[0] (BIDIR_CELL)                       9.809    22.373
out:r.outpad[0] (.output)                                                   0.000    22.373
data arrival time                                                                    22.373

clock virtual_io_clock (rise edge)                                          0.000     0.000
clock source latency                                                        0.000     0.000
clock uncertainty                                                           0.000     0.000
output external delay                                                       0.000     0.000
data required time                                                                    0.000
-------------------------------------------------------------------------------------------
data required time                                                                    0.000
data arrival time                                                                   -22.373
-------------------------------------------------------------------------------------------
slack (VIOLATED)                                                                    -22.373


#Path 3
Startpoint: A.inpad[0] (.input clocked by virtual_io_clock)
Endpoint  : out:b.outpad[0] (.output clocked by virtual_io_clock)
Path Type : setup

Point                                                                        Incr      Path
-------------------------------------------------------------------------------------------
clock virtual_io_clock (rise edge)                                          0.000     0.000
clock source latency                                                        0.000     0.000
input external delay                                                        0.000     0.000
A.inpad[0] (.input)                                                         0.000     0.000
$iopadmap$helloworldfpga.A.I_PAD_$inp[0] (BIDIR_CELL)                       0.000     0.000
$iopadmap$helloworldfpga.A.I_DAT[0] (BIDIR_CELL)                           10.958    10.958
b_LUT3_O.t_frag.XB2[0] (T_FRAG)                                             0.000    10.958
b_LUT3_O.t_frag.XZ[0] (T_FRAG)                                              1.552    12.510
$iopadmap$helloworldfpga.b.O_DAT[0] (BIDIR_CELL)                            0.000    12.510
$iopadmap$helloworldfpga.b.O_PAD_$out[0] (BIDIR_CELL)                       9.809    22.319
out:b.outpad[0] (.output)                                                   0.000    22.319
data arrival time                                                                    22.319

clock virtual_io_clock (rise edge)                                          0.000     0.000
clock source latency                                                        0.000     0.000
clock uncertainty                                                           0.000     0.000
output external delay                                                       0.000     0.000
data required time                                                                    0.000
-------------------------------------------------------------------------------------------
data required time                                                                    0.000
data arrival time                                                                   -22.319
-------------------------------------------------------------------------------------------
slack (VIOLATED)                                                                    -22.319


#End of timing report
