#Timing report of worst 3 path(s)
# Unit scale: 1e-09 seconds
# Output precision: 3

#Path 1
Startpoint: B.inpad[0] (.input clocked by virtual_io_clock)
Endpoint  : out:b.outpad[0] (.output clocked by virtual_io_clock)
Path Type : setup

Point                                                                        Incr      Path
-------------------------------------------------------------------------------------------
clock virtual_io_clock (rise edge)                                          0.000     0.000
clock source latency                                                        0.000     0.000
input external delay                                                        0.000     0.000
B.inpad[0] (.input)                                                         0.000     0.000
$iopadmap$helloworldfpga.B.I_PAD_$inp[0] (BIDIR_CELL)                       0.000     0.000
$iopadmap$helloworldfpga.B.I_DAT[0] (BIDIR_CELL)                           10.958    10.958
b_LUT3_O.t_frag.XAB[0] (T_FRAG)                                             5.598    16.556
b_LUT3_O.t_frag.XZ[0] (T_FRAG)                                              1.305    17.861
$iopadmap$helloworldfpga.b.O_DAT[0] (BIDIR_CELL)                            7.644    25.505
$iopadmap$helloworldfpga.b.O_PAD_$out[0] (BIDIR_CELL)                       9.809    35.314
out:b.outpad[0] (.output)                                                   0.000    35.314
data arrival time                                                                    35.314

clock virtual_io_clock (rise edge)                                          0.000     0.000
clock source latency                                                        0.000     0.000
clock uncertainty                                                           0.000     0.000
output external delay                                                       0.000     0.000
data required time                                                                    0.000
-------------------------------------------------------------------------------------------
data required time                                                                    0.000
data arrival time                                                                   -35.314
-------------------------------------------------------------------------------------------
slack (VIOLATED)                                                                    -35.314


#Path 2
Startpoint: B.inpad[0] (.input clocked by virtual_io_clock)
Endpoint  : out:g.outpad[0] (.output clocked by virtual_io_clock)
Path Type : setup

Point                                                                        Incr      Path
-------------------------------------------------------------------------------------------
clock virtual_io_clock (rise edge)                                          0.000     0.000
clock source latency                                                        0.000     0.000
input external delay                                                        0.000     0.000
B.inpad[0] (.input)                                                         0.000     0.000
$iopadmap$helloworldfpga.B.I_PAD_$inp[0] (BIDIR_CELL)                       0.000     0.000
$iopadmap$helloworldfpga.B.I_DAT[0] (BIDIR_CELL)                           10.958    10.958
g_LUT3_O.t_frag.XSL[0] (T_FRAG)                                             5.816    16.774
g_LUT3_O.t_frag.XZ[0] (T_FRAG)                                              1.462    18.236
$iopadmap$helloworldfpga.g.O_DAT[0] (BIDIR_CELL)                            6.162    24.398
$iopadmap$helloworldfpga.g.O_PAD_$out[0] (BIDIR_CELL)                       9.809    34.207
out:g.outpad[0] (.output)                                                   0.000    34.207
data arrival time                                                                    34.207

clock virtual_io_clock (rise edge)                                          0.000     0.000
clock source latency                                                        0.000     0.000
clock uncertainty                                                           0.000     0.000
output external delay                                                       0.000     0.000
data required time                                                                    0.000
-------------------------------------------------------------------------------------------
data required time                                                                    0.000
data arrival time                                                                   -34.207
-------------------------------------------------------------------------------------------
slack (VIOLATED)                                                                    -34.207


#Path 3
Startpoint: B.inpad[0] (.input clocked by virtual_io_clock)
Endpoint  : out:r.outpad[0] (.output clocked by virtual_io_clock)
Path Type : setup

Point                                                                        Incr      Path
-------------------------------------------------------------------------------------------
clock virtual_io_clock (rise edge)                                          0.000     0.000
clock source latency                                                        0.000     0.000
input external delay                                                        0.000     0.000
B.inpad[0] (.input)                                                         0.000     0.000
$iopadmap$helloworldfpga.B.I_PAD_$inp[0] (BIDIR_CELL)                       0.000     0.000
$iopadmap$helloworldfpga.B.I_DAT[0] (BIDIR_CELL)                           10.958    10.958
r_LUT3_O.t_frag.XSL[0] (T_FRAG)                                             5.775    16.733
r_LUT3_O.t_frag.XZ[0] (T_FRAG)                                              1.406    18.139
$iopadmap$helloworldfpga.r.O_DAT[0] (BIDIR_CELL)                            4.936    23.075
$iopadmap$helloworldfpga.r.O_PAD_$out[0] (BIDIR_CELL)                       9.809    32.884
out:r.outpad[0] (.output)                                                   0.000    32.884
data arrival time                                                                    32.884

clock virtual_io_clock (rise edge)                                          0.000     0.000
clock source latency                                                        0.000     0.000
clock uncertainty                                                           0.000     0.000
output external delay                                                       0.000     0.000
data required time                                                                    0.000
-------------------------------------------------------------------------------------------
data required time                                                                    0.000
data arrival time                                                                   -32.884
-------------------------------------------------------------------------------------------
slack (VIOLATED)                                                                    -32.884


#End of timing report
